SF:lib\data\repositories\company_repository_impl.dart
DA:13,1
DA:15,1
DA:17,2
DA:18,4
DA:21,1
DA:23,2
DA:24,4
DA:27,1
DA:29,2
DA:30,4
LF:10
LH:10
end_of_record
SF:lib\domain\entities\asset.dart
DA:6,1
LF:1
LH:1
end_of_record
SF:lib\domain\entities\company.dart
DA:5,1
LF:1
LH:1
end_of_record
SF:lib\domain\entities\location.dart
DA:6,1
LF:1
LH:1
end_of_record
SF:lib\data\models\asset_model.dart
DA:4,1
DA:7,1
DA:8,1
DA:9,1
DA:10,1
DA:11,1
LF:6
LH:6
end_of_record
SF:lib\data\models\company_model.dart
DA:4,1
DA:6,1
DA:7,3
LF:3
LH:3
end_of_record
SF:lib\data\models\location_model.dart
DA:4,1
DA:7,1
DA:8,1
DA:9,1
DA:10,1
DA:11,1
LF:6
LH:6
end_of_record
